This file contains any messages produced by compilers while
running configure, to aid debugging if configure makes a mistake.

It was created by mnote configure 0.7.5, which was
generated by GNU Autoconf 2.68.  Invocation command line was

  $ ../../configure 

## --------- ##
## Platform. ##
## --------- ##

hostname = linuxmint-laptop
uname -m = i686
uname -r = 3.2.0-7-generic
uname -s = Linux
uname -v = #13-Ubuntu SMP Sat Dec 24 21:44:00 UTC 2011

/usr/bin/uname -p = unknown
/bin/uname -X     = unknown

/bin/arch              = unknown
/usr/bin/arch -k       = unknown
/usr/convex/getsysinfo = unknown
/usr/bin/hostinfo      = unknown
/bin/machine           = unknown
/usr/bin/oslevel       = unknown
/bin/universe          = unknown

PATH: /usr/local/sbin
PATH: /usr/local/bin
PATH: /usr/sbin
PATH: /usr/bin
PATH: /sbin
PATH: /bin
PATH: /usr/games


## ----------- ##
## Core tests. ##
## ----------- ##

configure:2712: checking for a BSD-compatible install
configure:2780: result: /usr/bin/install -c
configure:2791: checking whether build environment is sane
configure:2841: result: yes
configure:2982: checking for a thread-safe mkdir -p
configure:3021: result: /bin/mkdir -p
configure:3034: checking for gawk
configure:3050: found /usr/bin/gawk
configure:3061: result: gawk
configure:3072: checking whether make sets $(MAKE)
configure:3094: result: yes
configure:3118: error: source directory already configured; run "make distclean" there first

## ---------------- ##
## Cache variables. ##
## ---------------- ##

ac_cv_env_BOOST_ROOT_set=
ac_cv_env_BOOST_ROOT_value=
ac_cv_env_CCC_set=
ac_cv_env_CCC_value=
ac_cv_env_CC_set=
ac_cv_env_CC_value=
ac_cv_env_CFLAGS_set=
ac_cv_env_CFLAGS_value=
ac_cv_env_CPPFLAGS_set=
ac_cv_env_CPPFLAGS_value=
ac_cv_env_CPP_set=
ac_cv_env_CPP_value=
ac_cv_env_CXXCPP_set=
ac_cv_env_CXXCPP_value=
ac_cv_env_CXXFLAGS_set=
ac_cv_env_CXXFLAGS_value=
ac_cv_env_CXX_set=
ac_cv_env_CXX_value=
ac_cv_env_DBUS_CFLAGS_set=
ac_cv_env_DBUS_CFLAGS_value=
ac_cv_env_DBUS_LIBS_set=
ac_cv_env_DBUS_LIBS_value=
ac_cv_env_GTKSPELL_CFLAGS_set=
ac_cv_env_GTKSPELL_CFLAGS_value=
ac_cv_env_GTKSPELL_LIBS_set=
ac_cv_env_GTKSPELL_LIBS_value=
ac_cv_env_GTK_CFLAGS_set=
ac_cv_env_GTK_CFLAGS_value=
ac_cv_env_GTK_LIBS_set=
ac_cv_env_GTK_LIBS_value=
ac_cv_env_LDFLAGS_set=
ac_cv_env_LDFLAGS_value=
ac_cv_env_LIBGLIBMM_CFLAGS_set=
ac_cv_env_LIBGLIBMM_CFLAGS_value=
ac_cv_env_LIBGLIBMM_LIBS_set=
ac_cv_env_LIBGLIBMM_LIBS_value=
ac_cv_env_LIBGTKMM_CFLAGS_set=
ac_cv_env_LIBGTKMM_CFLAGS_value=
ac_cv_env_LIBGTKMM_LIBS_set=
ac_cv_env_LIBGTKMM_LIBS_value=
ac_cv_env_LIBMATEPANELAPPLET_CFLAGS_set=
ac_cv_env_LIBMATEPANELAPPLET_CFLAGS_value=
ac_cv_env_LIBMATEPANELAPPLET_LIBS_set=
ac_cv_env_LIBMATEPANELAPPLET_LIBS_value=
ac_cv_env_LIBS_set=
ac_cv_env_LIBS_value=
ac_cv_env_LIBXML_CFLAGS_set=
ac_cv_env_LIBXML_CFLAGS_value=
ac_cv_env_LIBXML_LIBS_set=
ac_cv_env_LIBXML_LIBS_value=
ac_cv_env_LIBXSLT_CFLAGS_set=
ac_cv_env_LIBXSLT_CFLAGS_value=
ac_cv_env_LIBXSLT_LIBS_set=
ac_cv_env_LIBXSLT_LIBS_value=
ac_cv_env_MATECONF_CFLAGS_set=
ac_cv_env_MATECONF_CFLAGS_value=
ac_cv_env_MATECONF_LIBS_set=
ac_cv_env_MATECONF_LIBS_value=
ac_cv_env_PCRE_CFLAGS_set=
ac_cv_env_PCRE_CFLAGS_value=
ac_cv_env_PCRE_LIBS_set=
ac_cv_env_PCRE_LIBS_value=
ac_cv_env_PKG_CONFIG_LIBDIR_set=
ac_cv_env_PKG_CONFIG_LIBDIR_value=
ac_cv_env_PKG_CONFIG_PATH_set=
ac_cv_env_PKG_CONFIG_PATH_value=
ac_cv_env_PKG_CONFIG_set=
ac_cv_env_PKG_CONFIG_value=
ac_cv_env_build_alias_set=
ac_cv_env_build_alias_value=
ac_cv_env_host_alias_set=
ac_cv_env_host_alias_value=
ac_cv_env_target_alias_set=
ac_cv_env_target_alias_value=
ac_cv_path_install='/usr/bin/install -c'
ac_cv_path_mkdir=/bin/mkdir
ac_cv_prog_AWK=gawk
ac_cv_prog_make_make_set=yes

## ----------------- ##
## Output variables. ##
## ----------------- ##

ACLOCAL=''
ALL_LINGUAS=''
AMDEPBACKSLASH=''
AMDEP_FALSE=''
AMDEP_TRUE=''
AMTAR=''
AM_MAKEFLAGS=''
AR=''
AUTOCONF=''
AUTOHEADER=''
AUTOMAKE=''
AWK='gawk'
BOOST_CPPFLAGS=''
BOOST_LDPATH=''
BOOST_ROOT=''
BOOST_UNIT_TEST_FRAMEWORK_LDFLAGS=''
BOOST_UNIT_TEST_FRAMEWORK_LDPATH=''
BOOST_UNIT_TEST_FRAMEWORK_LIBS=''
CATALOGS=''
CATOBJEXT=''
CC=''
CCDEPMODE=''
CFLAGS=''
CPP=''
CPPFLAGS=''
CXX=''
CXXCPP=''
CXXDEPMODE=''
CXXFLAGS=''
CYGPATH_W=''
DATADIRNAME=''
DBUS_CFLAGS=''
DBUS_LIBS=''
DBUS_SERVICE_DIR=''
DEBUG_FALSE=''
DEBUG_TRUE=''
DEFS=''
DEPDIR=''
DISTCHECK_CONFIGURE_FLAGS=''
DLLTOOL=''
DOC_USER_FORMATS=''
DSYMUTIL=''
DUMPBIN=''
ECHO_C=''
ECHO_N='-n'
ECHO_T=''
EGREP=''
ENABLE_SK_FALSE=''
ENABLE_SK_TRUE=''
EXEEXT=''
FGREP=''
FIXED_GTKSPELL_FALSE=''
FIXED_GTKSPELL_TRUE=''
GETTEXT_PACKAGE=''
GMOFILES=''
GMSGFMT=''
GREP=''
GTKSPELL_CFLAGS=''
GTKSPELL_LIBS=''
GTK_CFLAGS=''
GTK_LIBS=''
HAVE_DBUS_FALSE=''
HAVE_DBUS_TRUE=''
HAVE_MATEPANELAPPLET_FALSE=''
HAVE_MATEPANELAPPLET_TRUE=''
HAVE_MATE_DOC_UTILS_FALSE=''
HAVE_MATE_DOC_UTILS_TRUE=''
HELP_DIR=''
INSTALL_DATA='${INSTALL} -m 644'
INSTALL_PROGRAM='${INSTALL}'
INSTALL_SCRIPT='${INSTALL}'
INSTALL_STRIP_PROGRAM='$(install_sh) -c -s'
INSTOBJEXT=''
INTLLIBS=''
INTLTOOL_CAVES_RULE=''
INTLTOOL_DESKTOP_RULE=''
INTLTOOL_DIRECTORY_RULE=''
INTLTOOL_EXTRACT=''
INTLTOOL_KBD_RULE=''
INTLTOOL_KEYS_RULE=''
INTLTOOL_MERGE=''
INTLTOOL_OAF_RULE=''
INTLTOOL_PERL=''
INTLTOOL_POLICY_RULE=''
INTLTOOL_PONG_RULE=''
INTLTOOL_PROP_RULE=''
INTLTOOL_SCHEMAS_RULE=''
INTLTOOL_SERVER_RULE=''
INTLTOOL_SERVICE_RULE=''
INTLTOOL_SHEET_RULE=''
INTLTOOL_SOUNDLIST_RULE=''
INTLTOOL_THEME_RULE=''
INTLTOOL_UI_RULE=''
INTLTOOL_UPDATE=''
INTLTOOL_XAM_RULE=''
INTLTOOL_XML_NOMERGE_RULE=''
INTLTOOL_XML_RULE=''
LD=''
LDFLAGS=''
LIBGLIBMM_CFLAGS=''
LIBGLIBMM_LIBS=''
LIBGTKMM_CFLAGS=''
LIBGTKMM_LIBS=''
LIBMATEPANELAPPLET_CFLAGS=''
LIBMATEPANELAPPLET_LIBS=''
LIBOBJS=''
LIBS=''
LIBTOOL=''
LIBXML_CFLAGS=''
LIBXML_LIBS=''
LIBXSLT_CFLAGS=''
LIBXSLT_LIBS=''
LIPO=''
LN_S=''
LTLIBOBJS=''
MAINT=''
MAINTAINER_MODE_FALSE=''
MAINTAINER_MODE_TRUE=''
MAKEFLAGS=''
MAKEINFO=''
MANIFEST_TOOL=''
MATECONFTOOL=''
MATECONF_CFLAGS=''
MATECONF_LIBS=''
MATECONF_SCHEMAS_INSTALL_FALSE=''
MATECONF_SCHEMAS_INSTALL_TRUE=''
MATECONF_SCHEMA_CONFIG_SOURCE=''
MATECONF_SCHEMA_FILE_DIR=''
MKDIR_P='/bin/mkdir -p'
MKINSTALLDIRS=''
MNOTE_LOCALEDIR=''
MNOTE_VERSION=''
MSGFMT=''
MSGFMT_OPTS=''
MSGMERGE=''
NM=''
NMEDIT=''
OBJDUMP=''
OBJEXT=''
OMF_DIR=''
OTOOL64=''
OTOOL=''
PACKAGE=''
PACKAGE_BUGREPORT=''
PACKAGE_NAME='mnote'
PACKAGE_STRING='mnote 0.7.5'
PACKAGE_TARNAME='mnote'
PACKAGE_URL=''
PACKAGE_VERSION='0.7.5'
PANELAPPLET_SERVER_DIR=''
PATH_SEPARATOR=':'
PCRE_CFLAGS=''
PCRE_LIBS=''
PKG_CONFIG=''
PKG_CONFIG_LIBDIR=''
PKG_CONFIG_PATH=''
POFILES=''
POSUB=''
PO_IN_DATADIR_FALSE=''
PO_IN_DATADIR_TRUE=''
RANLIB=''
SED=''
SET_MAKE=''
SHAVE_SAVED_CC=''
SHAVE_SAVED_CXX=''
SHAVE_SAVED_LIBTOOL=''
SHELL='/bin/bash'
STRIP=''
USE_NLS=''
VERSION=''
WITH_DBUS_SERVICE_DIR_FALSE=''
WITH_DBUS_SERVICE_DIR_TRUE=''
XGETTEXT=''
ac_ct_AR=''
ac_ct_CC=''
ac_ct_CXX=''
ac_ct_DUMPBIN=''
am__EXEEXT_FALSE=''
am__EXEEXT_TRUE=''
am__fastdepCC_FALSE=''
am__fastdepCC_TRUE=''
am__fastdepCXX_FALSE=''
am__fastdepCXX_TRUE=''
am__include=''
am__isrc=' -I$(srcdir)'
am__leading_dot='.'
am__quote=''
am__tar=''
am__untar=''
bindir='${exec_prefix}/bin'
build=''
build_alias=''
build_cpu=''
build_os=''
build_vendor=''
datadir='${datarootdir}'
datarootdir='${prefix}/share'
docdir='${datarootdir}/doc/${PACKAGE_TARNAME}'
dvidir='${docdir}'
exec_prefix='NONE'
host=''
host_alias=''
host_cpu=''
host_os=''
host_vendor=''
htmldir='${docdir}'
includedir='${prefix}/include'
infodir='${datarootdir}/info'
install_sh='${SHELL} /home/gfunkmonk/tmp/mate-note-1.0.0/install-sh'
libdir='${exec_prefix}/lib'
libexecdir='${exec_prefix}/libexec'
localedir='${datarootdir}/locale'
localstatedir='${prefix}/var'
mandir='${datarootdir}/man'
mkdir_p='/bin/mkdir -p'
oldincludedir='/usr/include'
pdfdir='${docdir}'
prefix='NONE'
program_transform_name='s,x,x,'
psdir='${docdir}'
sbindir='${exec_prefix}/sbin'
sharedstatedir='${prefix}/com'
shavedir=''
sysconfdir='${prefix}/etc'
target_alias=''

## ----------- ##
## confdefs.h. ##
## ----------- ##

/* confdefs.h */
#define PACKAGE_NAME "mnote"
#define PACKAGE_TARNAME "mnote"
#define PACKAGE_VERSION "0.7.5"
#define PACKAGE_STRING "mnote 0.7.5"
#define PACKAGE_BUGREPORT ""
#define PACKAGE_URL ""

configure: exit 1
